<?xml version="1.0" encoding="UTF-8"?>
<!-- Generated by org.testng.reporters.JUnitXMLReporter -->
<testsuite ignored="0" hostname="DESKTOP-OHDR9CR" failures="1" tests="1" name="Login With Valid Credentials" time="9.319" errors="0" timestamp="2023-09-05T11:25:33 IST">
  <testcase classname="testCases.TC002_Login_ValidCredentials" name="verifyLoginWithValidCredentials" time="1.951">
    <failure type="java.lang.AssertionError" message="expected [Paul Collings] but found [PaulRichardRichardRichard Collings]">
      <![CDATA[java.lang.AssertionError: expected [Paul Collings] but found [PaulRichardRichardRichard Collings]
at testCases.TC002_Login_ValidCredentials.verifyLoginWithValidCredentials(TC002_Login_ValidCredentials.java:42)
at java.base/java.util.ArrayList.forEach(ArrayList.java:1511)
at com.intellij.rt.testng.IDEARemoteTestNG.run(IDEARemoteTestNG.java:66)
at com.intellij.rt.testng.RemoteTestNGStarter.main(RemoteTestNGStarter.java:105)
... Removed 30 stack frames]]>
    </failure>
  </testcase> <!-- verifyLoginWithValidCredentials -->
</testsuite> <!-- Login With Valid Credentials -->
