<?xml version="1.0" encoding="UTF-8"?>
<testng-results ignored="0" total="1" passed="1" failed="0" skipped="0">
  <reporter-output>
  </reporter-output>
  <suite started-at="2023-09-06T06:38:33 IST" name="Default Suite" finished-at="2023-09-06T06:38:40 IST" duration-ms="7011">
    <groups>
    </groups>
    <test started-at="2023-09-06T06:38:33 IST" name="OpenCart_27Aug" finished-at="2023-09-06T06:38:40 IST" duration-ms="7011">
      <class name="testCases.TC002_Login_ValidCredentials">
        <test-method is-config="true" signature="setUp()[pri:0, instance:testCases.TC002_Login_ValidCredentials@29176cc1]" started-at="2023-09-06T06:38:33 IST" name="setUp" finished-at="2023-09-06T06:38:38 IST" duration-ms="4905" status="PASS">
          <reporter-output>
          </reporter-output>
        </test-method> <!-- setUp -->
        <test-method signature="verifyLoginWithValidCredentials()[pri:0, instance:testCases.TC002_Login_ValidCredentials@29176cc1]" started-at="2023-09-06T06:38:38 IST" name="verifyLoginWithValidCredentials" finished-at="2023-09-06T06:38:40 IST" duration-ms="1937" status="PASS">
          <reporter-output>
          </reporter-output>
        </test-method> <!-- verifyLoginWithValidCredentials -->
        <test-method is-config="true" signature="tearDown()[pri:0, instance:testCases.TC002_Login_ValidCredentials@29176cc1]" started-at="2023-09-06T06:38:40 IST" name="tearDown" finished-at="2023-09-06T06:38:40 IST" duration-ms="145" status="PASS">
          <reporter-output>
          </reporter-output>
        </test-method> <!-- tearDown -->
      </class> <!-- testCases.TC002_Login_ValidCredentials -->
    </test> <!-- OpenCart_27Aug -->
  </suite> <!-- Default Suite -->
</testng-results>
